TN:
SF:src/CrowdFunder.sol
FN:22,CrowdFunder.mint
FNDA:10,CrowdFunder.mint
DA:23,10
DA:24,10
FNF:1
FNH:1
LF:2
LH:2
BRF:0
BRH:0
end_of_record
TN:
SF:src/Project.sol
FN:28,Project.setGoalStatus
FNDA:17,Project.setGoalStatus
DA:29,17
BRDA:29,0,0,16
BRDA:29,0,1,17
DA:30,17
DA:31,16
BRDA:31,1,0,3
BRDA:31,1,1,13
DA:32,3
DA:33,13
BRDA:33,2,0,3
BRDA:33,2,1,13
DA:34,3
FN:44,Project.contribute
FNDA:13,Project.contribute
DA:47,13
BRDA:47,3,0,1
BRDA:47,3,1,13
DA:48,1
DA:49,1
DA:52,13
BRDA:52,4,0,1
BRDA:52,4,1,12
DA:53,12
BRDA:53,5,0,2
BRDA:53,5,1,10
DA:54,10
DA:56,10
DA:58,10
FN:61,Project.claimTokens
FNDA:1,Project.claimTokens
DA:62,1
DA:63,1
DA:64,1
DA:65,10
DA:67,1
FN:70,Project.refund
FNDA:4,Project.refund
DA:71,4
DA:72,4
BRDA:72,6,0,1
BRDA:72,6,1,3
DA:73,3
BRDA:73,7,0,1
BRDA:73,7,1,2
DA:74,2
DA:75,2
DA:76,2
DA:77,2
BRDA:77,8,0,1
BRDA:77,8,1,1
FN:80,Project.withdraw
FNDA:3,Project.withdraw
DA:81,2
DA:82,2
BRDA:82,9,0,1
BRDA:82,9,1,1
DA:83,1
BRDA:83,10,0,-
BRDA:83,10,1,1
DA:84,1
DA:85,1
BRDA:85,11,0,-
BRDA:85,11,1,1
FNF:5
FNH:5
LF:31
LH:31
BRF:24
BRH:22
end_of_record
TN:
SF:src/ProjectFactory.sol
FN:8,ProjectFactory.create
FNDA:1,ProjectFactory.create
DA:9,1
FNF:1
FNH:1
LF:1
LH:1
BRF:0
BRH:0
end_of_record
TN:
SF:test/Project.t.sol
FN:120,RecieveRevert.contributeToProject
FNDA:1,RecieveRevert.contributeToProject
DA:121,1
FN:124,RecieveRevert.refundProject
FNDA:1,RecieveRevert.refundProject
DA:125,1
FNF:2
FNH:2
LF:2
LH:2
BRF:0
BRH:0
end_of_record
