TN:
SF:src/CrowdFunder.sol
FN:22,CrowdFunder.mint
FNDA:1,CrowdFunder.mint
DA:23,1
DA:24,1
FNF:1
FNH:1
LF:2
LH:2
BRF:0
BRH:0
end_of_record
TN:
SF:src/Project.sol
FN:51,Project.contribute
FNDA:2,Project.contribute
DA:52,0
BRDA:52,0,0,-
BRDA:52,0,1,2
DA:53,0
BRDA:53,1,0,-
BRDA:53,1,1,2
DA:54,0
DA:56,0
DA:57,0
DA:58,0
DA:60,0
BRDA:60,2,0,-
BRDA:60,2,1,2
DA:61,0
DA:62,0
FN:66,Project.claimTokens
FNDA:1,Project.claimTokens
DA:67,0
DA:68,0
DA:69,0
DA:71,0
FN:74,Project.refund
FNDA:0,Project.refund
DA:75,0
BRDA:75,3,0,-
BRDA:75,3,1,-
DA:76,0
BRDA:76,4,0,-
BRDA:76,4,1,-
DA:77,0
DA:78,0
BRDA:78,5,0,-
BRDA:78,5,1,-
DA:79,0
FN:82,Project.withdraw
FNDA:0,Project.withdraw
DA:83,0
BRDA:83,6,0,-
BRDA:83,6,1,-
DA:84,0
BRDA:84,7,0,-
BRDA:84,7,1,-
DA:85,0
DA:86,0
BRDA:86,8,0,-
BRDA:86,8,1,-
FNF:4
FNH:2
LF:22
LH:0
BRF:18
BRH:3
end_of_record
TN:
SF:src/ProjectFactory.sol
FN:8,ProjectFactory.create
FNDA:1,ProjectFactory.create
DA:9,1
FNF:1
FNH:1
LF:1
LH:1
BRF:0
BRH:0
end_of_record
